<?xml version="1.0" encoding="UTF-8"?>
<testng-results ignored="0" total="1" passed="1" failed="0" skipped="0">
  <reporter-output>
  </reporter-output>
  <suite started-at="2025-04-23T16:39:39 IST" name="Playwright Test Suite" finished-at="2025-04-23T16:39:56 IST" duration-ms="16857">
    <groups>
      <group name="cucumber">
        <method signature="AbstractTestNGCucumberTests.runScenario(io.cucumber.testng.PickleWrapper,io.cucumber.testng.FeatureWrapper)[pri:0, instance:runners.TestRunner@942a29c]" name="runScenario" class="io.cucumber.testng.AbstractTestNGCucumberTests"/>
      </group> <!-- cucumber -->
    </groups>
    <test started-at="2025-04-23T16:39:39 IST" name="Cucumber Tests" finished-at="2025-04-23T16:39:56 IST" duration-ms="16857">
      <class name="runners.TestRunner">
        <test-method is-config="true" signature="setUpClass(org.testng.ITestContext)[pri:0, instance:runners.TestRunner@942a29c]" started-at="2025-04-23T16:39:39 IST" name="setUpClass" finished-at="2025-04-23T16:39:40 IST" duration-ms="887" status="PASS">
          <params>
            <param index="0">
              <value>
                <![CDATA[org.testng.TestRunner@26f96b85]]>
              </value>
            </param>
          </params>
          <reporter-output>
          </reporter-output>
        </test-method> <!-- setUpClass -->
        <test-method signature="runScenario(io.cucumber.testng.PickleWrapper,io.cucumber.testng.FeatureWrapper)[pri:0, instance:runners.TestRunner@942a29c]" started-at="2025-04-23T16:39:40 IST" name="runScenario" description="Runs Cucumber Scenarios" data-provider="scenarios" finished-at="2025-04-23T16:39:56 IST" duration-ms="15723" status="PASS">
          <params>
            <param index="0">
              <value>
                <![CDATA["login with Data Table"]]>
              </value>
            </param>
            <param index="1">
              <value>
                <![CDATA["login With Scenario Outlines"]]>
              </value>
            </param>
          </params>
          <reporter-output>
          </reporter-output>
        </test-method> <!-- runScenario -->
        <test-method is-config="true" signature="tearDownClass()[pri:0, instance:runners.TestRunner@942a29c]" started-at="2025-04-23T16:39:56 IST" name="tearDownClass" finished-at="2025-04-23T16:39:56 IST" duration-ms="137" status="PASS">
          <reporter-output>
          </reporter-output>
        </test-method> <!-- tearDownClass -->
      </class> <!-- runners.TestRunner -->
    </test> <!-- Cucumber Tests -->
  </suite> <!-- Playwright Test Suite -->
</testng-results>
