<?xml version="1.0" encoding="UTF-8"?>
<testng-results ignored="0" total="5" passed="5" failed="0" skipped="0">
  <reporter-output>
  </reporter-output>
  <suite started-at="2025-04-24T11:04:28 IST" name="Default suite" finished-at="2025-04-24T11:05:26 IST" duration-ms="57771">
    <groups>
      <group name="cucumber">
        <method signature="AbstractTestNGCucumberTests.runScenario(io.cucumber.testng.PickleWrapper,io.cucumber.testng.FeatureWrapper)[pri:0, instance:runners.TestRunner@1a6d8329]" name="runScenario" class="io.cucumber.testng.AbstractTestNGCucumberTests"/>
      </group> <!-- cucumber -->
    </groups>
    <test started-at="2025-04-24T11:04:28 IST" name="Default test" finished-at="2025-04-24T11:05:26 IST" duration-ms="57771">
      <class name="runners.TestRunner">
        <test-method is-config="true" signature="setUpClass(org.testng.ITestContext)[pri:0, instance:runners.TestRunner@1a6d8329]" started-at="2025-04-24T11:04:28 IST" name="setUpClass" finished-at="2025-04-24T11:04:29 IST" duration-ms="640" status="PASS">
          <params>
            <param index="0">
              <value>
                <![CDATA[org.testng.TestRunner@5bb7643d]]>
              </value>
            </param>
          </params>
          <reporter-output>
          </reporter-output>
        </test-method> <!-- setUpClass -->
        <test-method signature="runScenario(io.cucumber.testng.PickleWrapper,io.cucumber.testng.FeatureWrapper)[pri:0, instance:runners.TestRunner@1a6d8329]" started-at="2025-04-24T11:04:29 IST" name="runScenario" description="Runs Cucumber Scenarios" data-provider="scenarios" finished-at="2025-04-24T11:04:45 IST" duration-ms="15825" status="PASS">
          <params>
            <param index="0">
              <value>
                <![CDATA["login with Multiple Credentials"]]>
              </value>
            </param>
            <param index="1">
              <value>
                <![CDATA["login With Scenario Outlines"]]>
              </value>
            </param>
          </params>
          <reporter-output>
          </reporter-output>
        </test-method> <!-- runScenario -->
        <test-method signature="runScenario(io.cucumber.testng.PickleWrapper,io.cucumber.testng.FeatureWrapper)[pri:0, instance:runners.TestRunner@1a6d8329]" started-at="2025-04-24T11:04:45 IST" name="runScenario" description="Runs Cucumber Scenarios" data-provider="scenarios" finished-at="2025-04-24T11:04:55 IST" duration-ms="10460" status="PASS">
          <params>
            <param index="0">
              <value>
                <![CDATA["login with Multiple Credentials"]]>
              </value>
            </param>
            <param index="1">
              <value>
                <![CDATA["login With Scenario Outlines"]]>
              </value>
            </param>
          </params>
          <reporter-output>
          </reporter-output>
        </test-method> <!-- runScenario -->
        <test-method signature="runScenario(io.cucumber.testng.PickleWrapper,io.cucumber.testng.FeatureWrapper)[pri:0, instance:runners.TestRunner@1a6d8329]" started-at="2025-04-24T11:04:55 IST" name="runScenario" description="Runs Cucumber Scenarios" data-provider="scenarios" finished-at="2025-04-24T11:05:06 IST" duration-ms="10315" status="PASS">
          <params>
            <param index="0">
              <value>
                <![CDATA["login with Data Table"]]>
              </value>
            </param>
            <param index="1">
              <value>
                <![CDATA["login With Scenario Outlines"]]>
              </value>
            </param>
          </params>
          <reporter-output>
          </reporter-output>
        </test-method> <!-- runScenario -->
        <test-method signature="runScenario(io.cucumber.testng.PickleWrapper,io.cucumber.testng.FeatureWrapper)[pri:0, instance:runners.TestRunner@1a6d8329]" started-at="2025-04-24T11:05:06 IST" name="runScenario" description="Runs Cucumber Scenarios" data-provider="scenarios" finished-at="2025-04-24T11:05:16 IST" duration-ms="10230" status="PASS">
          <params>
            <param index="0">
              <value>
                <![CDATA["valid login"]]>
              </value>
            </param>
            <param index="1">
              <value>
                <![CDATA["Login Functionality"]]>
              </value>
            </param>
          </params>
          <reporter-output>
          </reporter-output>
        </test-method> <!-- runScenario -->
        <test-method signature="runScenario(io.cucumber.testng.PickleWrapper,io.cucumber.testng.FeatureWrapper)[pri:0, instance:runners.TestRunner@1a6d8329]" started-at="2025-04-24T11:05:16 IST" name="runScenario" description="Runs Cucumber Scenarios" data-provider="scenarios" finished-at="2025-04-24T11:05:26 IST" duration-ms="10188" status="PASS">
          <params>
            <param index="0">
              <value>
                <![CDATA["in-valid login"]]>
              </value>
            </param>
            <param index="1">
              <value>
                <![CDATA["Login Functionality"]]>
              </value>
            </param>
          </params>
          <reporter-output>
          </reporter-output>
        </test-method> <!-- runScenario -->
        <test-method is-config="true" signature="tearDownClass()[pri:0, instance:runners.TestRunner@1a6d8329]" started-at="2025-04-24T11:05:26 IST" name="tearDownClass" finished-at="2025-04-24T11:05:26 IST" duration-ms="54" status="PASS">
          <reporter-output>
          </reporter-output>
        </test-method> <!-- tearDownClass -->
      </class> <!-- runners.TestRunner -->
    </test> <!-- Default test -->
  </suite> <!-- Default suite -->
</testng-results>
